<?xml version="1.0" encoding="UTF-8"?>
<!-- Generated by org.testng.reporters.JUnitReportReporter -->
<testsuite hostname="LAKSHMI-PC" failures="0" tests="2" name="com.freecrm.testcases.LoginPageTest" time="47.704" errors="0" timestamp="2021-01-18T09:40:36 IST" skipped="0">
  <testcase classname="com.freecrm.testcases.LoginPageTest" name="validateTitleOfLoginPageTest" time="21.586"/>
  <system-out/>
  <testcase classname="com.freecrm.testcases.LoginPageTest" name="loginTest" time="26.118"/>
  <system-out/>
</testsuite> <!-- com.freecrm.testcases.LoginPageTest -->
