<?xml version="1.0" encoding="UTF-8"?>
<!-- Generated by org.testng.reporters.JUnitReportReporter -->
<testsuite hostname="LAKSHMI-PC" failures="0" tests="6" name="com.freecrm.testcases.HomePageTest" time="147.388" errors="0" timestamp="2021-01-14T19:18:18 IST" skipped="0">
  <testcase classname="com.freecrm.testcases.HomePageTest" name="validateTitleOfHomePageTest" time="31.163"/>
  <system-out/>
  <testcase classname="com.freecrm.testcases.HomePageTest" name="validateUsernameLabelTest" time="21.217"/>
  <system-out/>
  <testcase classname="com.freecrm.testcases.HomePageTest" name="validateCrmLogoTest" time="29.044"/>
  <system-out/>
  <testcase classname="com.freecrm.testcases.HomePageTest" name="clickOnContactsButtonTest" time="28.715"/>
  <system-out/>
  <testcase classname="com.freecrm.testcases.HomePageTest" name="clickOnCompaniesButtonTest" time="12.652"/>
  <system-out/>
  <testcase classname="com.freecrm.testcases.HomePageTest" name="clickOnDealsButtonTest" time="24.597"/>
  <system-out/>
</testsuite> <!-- com.freecrm.testcases.HomePageTest -->
