<?xml version="1.0" encoding="UTF-8"?>
<!-- Generated by org.testng.reporters.JUnitReportReporter -->
<testsuite hostname="LAKSHMI-PC" failures="0" tests="2" name="com.freecrm.testcases.HomePageTest" time="35.837" errors="0" timestamp="2021-01-18T09:40:36 IST" skipped="0">
  <testcase classname="com.freecrm.testcases.HomePageTest" name="validateTitleOfHomePageTest" time="17.587"/>
  <system-out/>
  <testcase classname="com.freecrm.testcases.HomePageTest" name="validateCrmLogoTest" time="18.250"/>
  <system-out/>
</testsuite> <!-- com.freecrm.testcases.HomePageTest -->
