<?xml version="1.0" encoding="UTF-8"?>
<!-- Generated by org.testng.reporters.JUnitReportReporter -->
<testsuite hostname="LAKSHMI-PC" failures="0" tests="2" name="com.freecrm.testcases.LoginPageTest" time="40.306" errors="0" timestamp="2021-01-10T19:09:05 IST" skipped="0">
  <testcase classname="com.freecrm.testcases.LoginPageTest" name="validateTitleOfLoginPageTest" time="26.567"/>
  <system-out/>
  <testcase classname="com.freecrm.testcases.LoginPageTest" name="loginTest" time="13.739"/>
  <system-out/>
</testsuite> <!-- com.freecrm.testcases.LoginPageTest -->
