<?xml version="1.0" encoding="UTF-8"?>
<!-- Generated by org.testng.reporters.JUnitReportReporter -->
<testsuite hostname="LAKSHMI-PC" failures="0" tests="2" name="com.freecrm.testcases.LoginPageTest" time="24.109" errors="0" timestamp="2021-01-09T23:26:35 IST" skipped="0">
  <testcase classname="com.freecrm.testcases.LoginPageTest" name="validateTitleOfLoginPageTest" time="11.683"/>
  <system-out/>
  <testcase classname="com.freecrm.testcases.LoginPageTest" name="loginTest" time="12.426"/>
  <system-out/>
</testsuite> <!-- com.freecrm.testcases.LoginPageTest -->
