<?xml version="1.0" encoding="UTF-8"?>
<!-- Generated by org.testng.reporters.JUnitReportReporter -->
<testsuite hostname="LAKSHMI-PC" failures="0" tests="3" name="com.freecrm.testcases.HomePageTest" time="67.707" errors="0" timestamp="2021-01-10T22:51:19 IST" skipped="0">
  <testcase classname="com.freecrm.testcases.HomePageTest" name="clickOnContactsButtonTest" time="33.063"/>
  <system-out/>
  <testcase classname="com.freecrm.testcases.HomePageTest" name="clickOnCompaniesButtonTest" time="10.644"/>
  <system-out/>
  <testcase classname="com.freecrm.testcases.HomePageTest" name="clickOnDealsButtonTest" time="24.000"/>
  <system-out/>
</testsuite> <!-- com.freecrm.testcases.HomePageTest -->
