<?xml version="1.0" encoding="UTF-8"?>
<!-- Generated by org.testng.reporters.JUnitReportReporter -->
<testsuite hostname="LAKSHMI-PC" failures="0" tests="2" name="com.freecrm.testcases.ContactsPageTest" time="7.426" errors="0" timestamp="2021-01-14T19:47:49 IST" skipped="0">
  <testcase classname="com.freecrm.testcases.ContactsPageTest" name="validateContactsLabelTest" time="0.248"/>
  <system-out/>
  <testcase classname="com.freecrm.testcases.ContactsPageTest" name="addNewContactTest" time="7.178"/>
  <system-out/>
</testsuite> <!-- com.freecrm.testcases.ContactsPageTest -->
